0 info it worked if it ends with ok
1 verbose cli [ 'C:\\Program Files\\nodejs\\node.exe',
1 verbose cli   'C:\\Program Files\\nodejs\\node_modules\\npm\\bin\\npm-cli.js',
1 verbose cli   'run',
1 verbose cli   'test:coverage' ]
2 info using npm@3.10.8
3 info using node@v7.0.0
4 verbose run-script [ 'pretest:coverage', 'test:coverage', 'posttest:coverage' ]
5 info lifecycle user_authentication_api@~pretest:coverage: user_authentication_api@
6 silly lifecycle user_authentication_api@~pretest:coverage: no script for pretest:coverage, continuing
7 info lifecycle user_authentication_api@~test:coverage: user_authentication_api@
8 verbose lifecycle user_authentication_api@~test:coverage: unsafe-perm in lifecycle true
9 verbose lifecycle user_authentication_api@~test:coverage: PATH: C:\Users\will\AppData\Roaming\nvm\v7.0.0\node_modules\npm\bin\node-gyp-bin;D:\git\user_authentication-nodejs\server\node_modules\.bin;C:\Program Files\Broadcom\Broadcom 802.11 Network Adapter;C:\Program Files (x86)\NVIDIA Corporation\PhysX\Common;C:\Program Files (x86)\Intel\iCLS Client\;C:\Program Files\Intel\iCLS Client\;C:\Windows\system32;C:\Windows;C:\Windows\System32\Wbem;C:\Windows\System32\WindowsPowerShell\v1.0\;C:\Program Files (x86)\Acer\abFiles\;C:\Program Files\Intel\Intel(R) Management Engine Components\DAL;C:\Program Files\Intel\Intel(R) Management Engine Components\IPT;C:\Program Files (x86)\Intel\Intel(R) Management Engine Components\DAL;C:\Program Files (x86)\Intel\Intel(R) Management Engine Components\IPT;C:\Program Files\WIDCOMM\Bluetooth Software\;C:\Program Files\WIDCOMM\Bluetooth Software\syswow64;C:\WINDOWS\system32;C:\WINDOWS;C:\WINDOWS\System32\Wbem;C:\WINDOWS\System32\WindowsPowerShell\v1.0\;C:\Users\will\AppData\Roaming\nvm;C:\Program Files\nodejs;C:\Program Files (x86)\Heroku\bin;C:\Program Files (x86)\git\cmd;C:\Program Files (x86)\Git\cmd;C:\Ruby23\bin;C:\Users\will\AppData\Local\Microsoft\WindowsApps;C:\Users\will\AppData\Roaming\nvm;C:\Program Files\nodejs
10 verbose lifecycle user_authentication_api@~test:coverage: CWD: D:\git\user_authentication-nodejs\server
11 silly lifecycle user_authentication_api@~test:coverage: Args: [ '/d /s /c',
11 silly lifecycle   'istanbul cover ./node_modules/mocha/bin/_mocha  -- --timeout 10000 --recursive test --report lcovonly -R spec && cat ./coverage/lcov.info | ./node_modules/coveralls/bin/coveralls.js && rm -rf ./coverage' ]
12 silly lifecycle user_authentication_api@~test:coverage: Returned: code: 255  signal: null
13 info lifecycle user_authentication_api@~test:coverage: Failed to exec test:coverage script
14 verbose stack Error: user_authentication_api@ test:coverage: `istanbul cover ./node_modules/mocha/bin/_mocha  -- --timeout 10000 --recursive test --report lcovonly -R spec && cat ./coverage/lcov.info | ./node_modules/coveralls/bin/coveralls.js && rm -rf ./coverage`
14 verbose stack Exit status 255
14 verbose stack     at EventEmitter.<anonymous> (C:\Users\will\AppData\Roaming\nvm\v7.0.0\node_modules\npm\lib\utils\lifecycle.js:255:16)
14 verbose stack     at emitTwo (events.js:106:13)
14 verbose stack     at EventEmitter.emit (events.js:191:7)
14 verbose stack     at ChildProcess.<anonymous> (C:\Users\will\AppData\Roaming\nvm\v7.0.0\node_modules\npm\lib\utils\spawn.js:40:14)
14 verbose stack     at emitTwo (events.js:106:13)
14 verbose stack     at ChildProcess.emit (events.js:191:7)
14 verbose stack     at maybeClose (internal/child_process.js:877:16)
14 verbose stack     at Process.ChildProcess._handle.onexit (internal/child_process.js:226:5)
15 verbose pkgid user_authentication_api@
16 verbose cwd D:\git\user_authentication-nodejs\server
17 error Windows_NT 10.0.14393
18 error argv "C:\\Program Files\\nodejs\\node.exe" "C:\\Program Files\\nodejs\\node_modules\\npm\\bin\\npm-cli.js" "run" "test:coverage"
19 error node v7.0.0
20 error npm  v3.10.8
21 error code ELIFECYCLE
22 error user_authentication_api@ test:coverage: `istanbul cover ./node_modules/mocha/bin/_mocha  -- --timeout 10000 --recursive test --report lcovonly -R spec && cat ./coverage/lcov.info | ./node_modules/coveralls/bin/coveralls.js && rm -rf ./coverage`
22 error Exit status 255
23 error Failed at the user_authentication_api@ test:coverage script 'istanbul cover ./node_modules/mocha/bin/_mocha  -- --timeout 10000 --recursive test --report lcovonly -R spec && cat ./coverage/lcov.info | ./node_modules/coveralls/bin/coveralls.js && rm -rf ./coverage'.
23 error Make sure you have the latest version of node.js and npm installed.
23 error If you do, this is most likely a problem with the user_authentication_api package,
23 error not with npm itself.
23 error Tell the author that this fails on your system:
23 error     istanbul cover ./node_modules/mocha/bin/_mocha  -- --timeout 10000 --recursive test --report lcovonly -R spec && cat ./coverage/lcov.info | ./node_modules/coveralls/bin/coveralls.js && rm -rf ./coverage
23 error You can get information on how to open an issue for this project with:
23 error     npm bugs user_authentication_api
23 error Or if that isn't available, you can get their info via:
23 error     npm owner ls user_authentication_api
23 error There is likely additional logging output above.
24 verbose exit [ 1, true ]
